<?xml version="1.0" encoding="UTF-8"?>
<testng-results skipped="0" failed="0" ignored="0" total="1" passed="1">
  <reporter-output>
  </reporter-output>
  <suite name="Default suite" duration-ms="8583" started-at="2020-03-13T12:33:32Z" finished-at="2020-03-13T12:33:41Z">
    <groups>
    </groups>
    <test name="Default test" duration-ms="8583" started-at="2020-03-13T12:33:32Z" finished-at="2020-03-13T12:33:41Z">
      <class name="com.inetbanking.testCases.TC_LoginTest_001">
        <test-method status="PASS" signature="setUp()[pri:0, instance:com.inetbanking.testCases.TC_LoginTest_001@239963d8]" name="setUp" is-config="true" duration-ms="3239" started-at="2020-03-13T12:33:32Z" finished-at="2020-03-13T12:33:35Z">
          <reporter-output>
          </reporter-output>
        </test-method> <!-- setUp -->
        <test-method status="PASS" signature="loginTest()[pri:0, instance:com.inetbanking.testCases.TC_LoginTest_001@239963d8]" name="loginTest" duration-ms="4708" started-at="2020-03-13T12:33:35Z" finished-at="2020-03-13T12:33:40Z">
          <reporter-output>
          </reporter-output>
        </test-method> <!-- loginTest -->
        <test-method status="PASS" signature="tearDown()[pri:0, instance:com.inetbanking.testCases.TC_LoginTest_001@239963d8]" name="tearDown" is-config="true" duration-ms="624" started-at="2020-03-13T12:33:40Z" finished-at="2020-03-13T12:33:41Z">
          <reporter-output>
          </reporter-output>
        </test-method> <!-- tearDown -->
      </class> <!-- com.inetbanking.testCases.TC_LoginTest_001 -->
    </test> <!-- Default test -->
  </suite> <!-- Default suite -->
</testng-results>
